<?xml version="1.0" encoding="UTF-8"?>
<testsuite name="apiTests.User" tests="4" skipped="0" failures="0" errors="0" timestamp="2022-03-12T02:33:16" hostname="LAPTOP-HS1PNQ31" time="9.128">
  <properties/>
  <testcase name="incluirUser" classname="apiTests.User" time="6.317"/>
  <testcase name="consultarUser" classname="apiTests.User" time="1.023"/>
  <testcase name="alterarUser" classname="apiTests.User" time="0.906"/>
  <testcase name="deletarUser" classname="apiTests.User" time="0.867"/>
  <system-out><![CDATA[Request method:	POST
Request URI:	https://petstore.swagger.io/v2/user
Proxy:			<none>
Request params:	<none>
Query params:	<none>
Form params:	<none>
Path params:	<none>
Headers:		Accept=*/*
				Content-Type=application/json; charset=UTF-8
Cookies:		<none>
Multiparts:		<none>
Body:
{
    "id": 2200,
    "username": "bmartini",
    "firstName": "bianca",
    "lastName": "Martini",
    "email": "string",
    "password": "string",
    "phone": "string",
    "userStatus": 0
}
HTTP/1.1 200 OK
Date: Sat, 12 Mar 2022 02:35:18 GMT
Content-Type: application/json
Transfer-Encoding: chunked
Connection: keep-alive
Access-Control-Allow-Origin: *
Access-Control-Allow-Methods: GET, POST, DELETE, PUT
Access-Control-Allow-Headers: Content-Type, api_key, Authorization
Server: Jetty(9.2.9.v20150224)

{
    "code": 200,
    "type": "unknown",
    "message": "2200"
}
Request method:	GET
Request URI:	https://petstore.swagger.io/v2/user/bmartini
Proxy:			<none>
Request params:	<none>
Query params:	<none>
Form params:	<none>
Path params:	<none>
Headers:		Accept=*/*
				Content-Type=application/json; charset=UTF-8
Cookies:		<none>
Multiparts:		<none>
Body:			<none>
HTTP/1.1 200 OK
Date: Sat, 12 Mar 2022 02:35:21 GMT
Content-Type: application/json
Transfer-Encoding: chunked
Connection: keep-alive
Access-Control-Allow-Origin: *
Access-Control-Allow-Methods: GET, POST, DELETE, PUT
Access-Control-Allow-Headers: Content-Type, api_key, Authorization
Server: Jetty(9.2.9.v20150224)

{
    "id": 2200,
    "username": "bmartini",
    "firstName": "bianca",
    "lastName": "Martini",
    "email": "string",
    "password": "string",
    "phone": "string",
    "userStatus": 0
}
Request method:	PUT
Request URI:	https://petstore.swagger.io/v2/user/bmartini
Proxy:			<none>
Request params:	<none>
Query params:	<none>
Form params:	<none>
Path params:	<none>
Headers:		Accept=*/*
				Content-Type=application/json; charset=UTF-8
Cookies:		<none>
Multiparts:		<none>
Body:
{
    "id": 2200,
    "username": "bmartini",
    "firstName": "bb",
    "lastName": "Martini",
    "email": "string",
    "password": "string",
    "phone": "string",
    "userStatus": 0
}
HTTP/1.1 200 OK
Date: Sat, 12 Mar 2022 02:35:22 GMT
Content-Type: application/json
Transfer-Encoding: chunked
Connection: keep-alive
Access-Control-Allow-Origin: *
Access-Control-Allow-Methods: GET, POST, DELETE, PUT
Access-Control-Allow-Headers: Content-Type, api_key, Authorization
Server: Jetty(9.2.9.v20150224)

{
    "code": 200,
    "type": "unknown",
    "message": "2200"
}
Request method:	DELETE
Request URI:	https://petstore.swagger.io/v2/user/bmartini
Proxy:			<none>
Request params:	<none>
Query params:	<none>
Form params:	<none>
Path params:	<none>
Headers:		Accept=*/*
				Content-Type=application/json; charset=UTF-8
Cookies:		<none>
Multiparts:		<none>
Body:			<none>
HTTP/1.1 200 OK
Date: Sat, 12 Mar 2022 02:35:23 GMT
Content-Type: application/json
Transfer-Encoding: chunked
Connection: keep-alive
Access-Control-Allow-Origin: *
Access-Control-Allow-Methods: GET, POST, DELETE, PUT
Access-Control-Allow-Headers: Content-Type, api_key, Authorization
Server: Jetty(9.2.9.v20150224)

{
    "code": 200,
    "type": "unknown",
    "message": "bmartini"
}
]]></system-out>
  <system-err><![CDATA[]]></system-err>
</testsuite>
